<?xml version="1.0" encoding="UTF-8"?>
<!-- Generated by org.testng.reporters.JUnitXMLReporter -->
<testsuite ignored="0" hostname="DESKTOP-CM623GF" failures="0" tests="4" name="Default test" time="10.233" errors="0" timestamp="2025-05-19T16:11:59 IST">
  <testcase classname="ESRS_Report.Checkaggregateresult" name="checkaggregatedresultv5E152" time="2.817"/>
  <testcase classname="ESRS_Report.Checkaggregateresult" name="checkaggregatedv5E154" time="2.057"/>
  <testcase classname="ESRS_Report.Checkaggregateresult" name="getdisclousurerequirementid" time="2.123"/>
  <testcase classname="ESRS_Report.Checkaggregateresult" name="completestep3" time="0.402"/>
</testsuite> <!-- Default test -->
