<?xml version="1.0" encoding="UTF-8"?>
<!-- Generated by org.testng.reporters.JUnitXMLReporter -->
<testsuite ignored="1" hostname="DESKTOP-CM623GF" failures="0" tests="1" name="Default test" time="64.92" errors="0" timestamp="2025-06-16T15:32:26 IST">
  <testcase classname="daato_automation_test.SelfAssessmentTest" name="General_information" time="57.495"/>
  <testcase classname="daato_automation_test.SelfAssessmentTest" name="add_governance_and" time="0.0">
    <ignored/>
  </testcase> <!-- add_governance_and -->
</testsuite> <!-- Default test -->
