<?xml version="1.0" encoding="UTF-8"?>
<!-- Generated by org.testng.reporters.JUnitXMLReporter -->
<testsuite ignored="0" hostname="DESKTOP-CM623GF" failures="0" tests="5" name="Parallel-Execution" time="411.693" errors="0" timestamp="2025-06-27T21:46:34 IST">
  <testcase classname="ESRS_Report.Startcollectinggovernance" name="getdisclousurerequirementid" time="2.249"/>
  <testcase classname="ESRS_Report.Generaldisclosures" name="getdisclousurerequirementid" time="2.617"/>
  <testcase classname="ESRS_Report.Startcollectinggovernance" name="startESRSG1BusinessConduct" time="237.245"/>
  <testcase classname="ESRS_Report.Startcollectinggovernance" name="startESRSG1BusinessConduct1" time="80.656"/>
  <testcase classname="ESRS_Report.Generaldisclosures" name="startESRSG1BusinessConduct1" time="409.044"/>
</testsuite> <!-- Parallel-Execution -->
