<?xml version="1.0" encoding="UTF-8"?>
<!-- Generated by org.testng.reporters.JUnitXMLReporter -->
<testsuite ignored="0" hostname="DESKTOP-CM623GF" failures="0" tests="19" name="Sequential-Part-1" time="124.962" errors="0" timestamp="2025-06-27T21:39:43 IST">
  <testcase classname="ESRS_Report.CreateUsers" name="createparent" time="2.532"/>
  <testcase classname="ESRS_Report.CreateUsers" name="createparententity" time="11.233"/>
  <testcase classname="ESRS_Report.CreateUsers" name="createchild" time="45.328"/>
  <testcase classname="ESRS_Report.CreateUsers" name="createchildentity" time="2.05"/>
  <testcase classname="ESRS_Report.CreateReport" name="createsrsreport" time="5.391"/>
  <testcase classname="ESRS_Report.CreateReport" name="waitForReportReady" time="2.703"/>
  <testcase classname="ESRS_Report.Createentityspecificdis" name="createentityspecificdis" time="1.425"/>
  <testcase classname="ESRS_Report.Createentityspecificdis" name="getid" time="2.672"/>
  <testcase classname="ESRS_Report.Createentityspecificdis" name="markasnonmaterialentityspecifc" time="6.211"/>
  <testcase classname="ESRS_Report.Completefinalstep" name="completefinalstep" time="16.056"/>
  <testcase classname="ESRS_Report.Bulkactions" name="markE16voluntaryoff" time="3.511"/>
  <testcase classname="ESRS_Report.Bulkactions" name="markE17nonmaterial" time="0.886"/>
  <testcase classname="ESRS_Report.Bulkactions" name="completestep1" time="0.621"/>
  <testcase classname="ESRS_Report.Bulkactions" name="assigndatapointtoentity" time="6.779"/>
  <testcase classname="ESRS_Report.Bulkactions" name="completestep2" time="1.6"/>
  <testcase classname="ESRS_Report.Bulkactions" name="startdatacollection" time="5.185"/>
  <testcase classname="ESRS_Report.Bulkactions" name="getdatacollectionid" time="4.654"/>
  <testcase classname="ESRS_Report.Bulkactions" name="getesrsentitydatacollectionid" time="0.741"/>
  <testcase classname="ESRS_Report.Bulkactions" name="getesrsentitydatacollectionidparent" time="0.749"/>
</testsuite> <!-- Sequential-Part-1 -->
