<?xml version="1.0" encoding="UTF-8"?>
<!-- Generated by org.testng.reporters.JUnitXMLReporter -->
<testsuite ignored="0" hostname="DESKTOP-CM623GF" failures="3" tests="14" name="Sequential-Part-2" time="144.765" errors="0" timestamp="2025-06-27T21:10:43 IST">
  <testcase classname="ESRS_Report.Registerentity" name="registerparentenity" time="43.289"/>
  <testcase classname="ESRS_Report.Answerdatarequest" name="startchilddatacollection" time="0.0">
    <skipped/>
  </testcase> <!-- startchilddatacollection -->
  <testcase classname="ESRS_Report.Answerdatarequest" name="completedatacollectionchild" time="0.0">
    <skipped/>
  </testcase> <!-- completedatacollectionchild -->
  <testcase classname="ESRS_Report.Answerdatarequest" name="startparentdatacollection" time="0.0">
    <skipped/>
  </testcase> <!-- startparentdatacollection -->
  <testcase classname="ESRS_Report.Answerdatarequest" name="completedatacollectionparent" time="0.0">
    <skipped/>
  </testcase> <!-- completedatacollectionparent -->
  <testcase classname="ESRS_Report.Answerdatarequest" name="Completedatacollection" time="0.0">
    <skipped/>
  </testcase> <!-- Completedatacollection -->
  <testcase classname="ESRS_Report.Checkaggregateresult" name="checkaggregatedresultv5E152" time="2.581">
    <failure type="java.lang.NullPointerException" message="Cannot invoke &amp;quot;java.lang.Integer.intValue()&amp;quot; because the return value of &amp;quot;io.restassured.internal.common.path.ObjectConverter.convertObjectTo(Object, java.lang.Class)&amp;quot; is null">
      <![CDATA[java.lang.NullPointerException: Cannot invoke "java.lang.Integer.intValue()" because the return value of "io.restassured.internal.common.path.ObjectConverter.convertObjectTo(Object, java.lang.Class)" is null
at io.restassured.path.json.JsonPath.getInt(JsonPath.java:245)
at ESRS_UTILS.CheckaggregatedResult.getAggregatedDataStatus(CheckaggregatedResult.java:52)
at ESRS_Report.Checkaggregateresult.checkaggregatedresultv5E152(Checkaggregateresult.java:44)
at java.base/java.util.ArrayList.forEach(ArrayList.java:1597)
... Removed 25 stack frames]]>
    </failure>
  </testcase> <!-- checkaggregatedresultv5E152 -->
  <testcase classname="ESRS_Report.Checkaggregateresult" name="checkaggregatedv5E154" time="2.008">
    <failure type="java.lang.NullPointerException" message="Cannot invoke &amp;quot;java.lang.Integer.intValue()&amp;quot; because the return value of &amp;quot;io.restassured.internal.common.path.ObjectConverter.convertObjectTo(Object, java.lang.Class)&amp;quot; is null">
      <![CDATA[java.lang.NullPointerException: Cannot invoke "java.lang.Integer.intValue()" because the return value of "io.restassured.internal.common.path.ObjectConverter.convertObjectTo(Object, java.lang.Class)" is null
at io.restassured.path.json.JsonPath.getInt(JsonPath.java:245)
at ESRS_UTILS.CheckaggregatedResult.getAggregatedDataStatuspercentage(CheckaggregatedResult.java:113)
at ESRS_Report.Checkaggregateresult.checkaggregatedv5E154(Checkaggregateresult.java:59)
at java.base/java.util.ArrayList.forEach(ArrayList.java:1597)
... Removed 25 stack frames]]>
    </failure>
  </testcase> <!-- checkaggregatedv5E154 -->
  <testcase classname="ESRS_Report.Checkaggregateresult" name="getdisclousurerequirementid" time="3.602"/>
  <testcase classname="ESRS_Report.Checkaggregateresult" name="completeindividualdatapoints" time="79.169"/>
  <testcase classname="ESRS_Report.Checkaggregateresult" name="completestep3" time="1.235"/>
  <testcase classname="ESRS_Report.ExcelDownloader" name="downloadesrsexcel" time="2.28"/>
  <testcase classname="ESRS_Report.ExcelDownloader" name="Verifyexceldata" time="0.674">
    <failure type="java.lang.AssertionError" message="expected [60.0] but found []">
      <![CDATA[java.lang.AssertionError: expected [60.0] but found []
at ESRS_Report.ExcelDownloader.Verifyexceldata(ExcelDownloader.java:138)
at java.base/java.util.ArrayList.forEach(ArrayList.java:1597)
... Removed 31 stack frames]]>
    </failure>
  </testcase> <!-- Verifyexceldata -->
  <testcase classname="ESRS_Report.Generatereport" name="updatefinaldr" time="1.196"/>
</testsuite> <!-- Sequential-Part-2 -->
