<?xml version="1.0" encoding="UTF-8"?>
<!-- Generated by org.testng.reporters.JUnitXMLReporter -->
<testsuite ignored="0" hostname="DESKTOP-CM623GF" failures="0" tests="5" name="SetupTests" time="26.916" errors="0" timestamp="2025-06-05T13:22:01 IST">
  <testcase classname="ESRS_Report.CreateUsers" name="createparent" time="1.926"/>
  <testcase classname="ESRS_Report.CreateUsers" name="createparententity" time="0.594"/>
  <testcase classname="ESRS_Report.CreateUsers" name="createchild" time="3.558"/>
  <testcase classname="ESRS_Report.CreateUsers" name="createchildentity" time="3.516"/>
  <testcase classname="ESRS_Report.CreateReport" name="createsrsreport" time="14.52"/>
</testsuite> <!-- SetupTests -->
