<?xml version="1.0" encoding="UTF-8"?>
<!-- Generated by org.testng.reporters.JUnitXMLReporter -->
<testsuite ignored="0" hostname="DESKTOP-CM623GF" failures="0" tests="33" name="Test" time="402.137" errors="0" timestamp="2025-06-27T12:40:19 IST">
  <testcase classname="ESRS_Report.CreateUsers" name="createparent" time="2.81"/>
  <testcase classname="ESRS_Report.CreateUsers" name="createparententity" time="10.926"/>
  <testcase classname="ESRS_Report.CreateUsers" name="createchild" time="31.612"/>
  <testcase classname="ESRS_Report.CreateUsers" name="createchildentity" time="2.229"/>
  <testcase classname="ESRS_Report.CreateReport" name="createsrsreport" time="8.215"/>
  <testcase classname="ESRS_Report.CreateReport" name="waitForReportReady" time="2.983"/>
  <testcase classname="ESRS_Report.Createentityspecificdis" name="createentityspecificdis" time="2.058"/>
  <testcase classname="ESRS_Report.Createentityspecificdis" name="getid" time="3.601"/>
  <testcase classname="ESRS_Report.Createentityspecificdis" name="markasnonmaterialentityspecifc" time="6.741"/>
  <testcase classname="ESRS_Report.Completefinalstep" name="completefinalstep" time="13.941"/>
  <testcase classname="ESRS_Report.Bulkactions" name="markE16voluntaryoff" time="4.498"/>
  <testcase classname="ESRS_Report.Bulkactions" name="markE17nonmaterial" time="1.166"/>
  <testcase classname="ESRS_Report.Bulkactions" name="completestep1" time="1.069"/>
  <testcase classname="ESRS_Report.Bulkactions" name="assigndatapointtoentity" time="11.613"/>
  <testcase classname="ESRS_Report.Bulkactions" name="completestep2" time="0.728"/>
  <testcase classname="ESRS_Report.Bulkactions" name="startdatacollection" time="1.909"/>
  <testcase classname="ESRS_Report.Bulkactions" name="getdatacollectionid" time="2.469"/>
  <testcase classname="ESRS_Report.Bulkactions" name="getesrsentitydatacollectionid" time="0.885"/>
  <testcase classname="ESRS_Report.Bulkactions" name="getesrsentitydatacollectionidparent" time="1.118"/>
  <testcase classname="ESRS_Report.Registerentity" name="registerentity" time="45.258"/>
  <testcase classname="ESRS_Report.Registerentity" name="registerparentenity" time="46.12"/>
  <testcase classname="ESRS_Report.Answerdatarequest" name="startchilddatacollection" time="30.996"/>
  <testcase classname="ESRS_Report.Answerdatarequest" name="completedatacollectionchild" time="0.693"/>
  <testcase classname="ESRS_Report.Answerdatarequest" name="startparentdatacollection" time="24.901"/>
  <testcase classname="ESRS_Report.Answerdatarequest" name="completedatacollectionparent" time="1.274"/>
  <testcase classname="ESRS_Report.Answerdatarequest" name="Completedatacollection" time="0.809"/>
  <testcase classname="ESRS_Report.Checkaggregateresult" name="checkaggregatedresultv5E152" time="2.553"/>
  <testcase classname="ESRS_Report.Checkaggregateresult" name="checkaggregatedv5E154" time="2.219"/>
  <testcase classname="ESRS_Report.Checkaggregateresult" name="getdisclousurerequirementid" time="2.446"/>
  <testcase classname="ESRS_Report.Checkaggregateresult" name="completeindividualdatapoints" time="98.117"/>
  <testcase classname="ESRS_Report.Checkaggregateresult" name="completestep3" time="5.899"/>
  <testcase classname="ESRS_Report.ExcelDownloader" name="downloadesrsexcel" time="2.983"/>
  <testcase classname="ESRS_Report.ExcelDownloader" name="Verifyexceldata" time="0.709"/>
</testsuite> <!-- Test -->
