<?xml version="1.0" encoding="UTF-8"?>
<!-- Generated by org.testng.reporters.JUnitXMLReporter -->
<testsuite ignored="0" hostname="DESKTOP-CM623GF" failures="0" tests="27" name="Test" time="483.123" errors="0" timestamp="2025-06-10T12:29:39 IST">
  <testcase classname="DoubleMateriality.Createstakeholder" name="createstakeholdergroup" time="0.518"/>
  <testcase classname="DoubleMateriality.Createstakeholder" name="createstake" time="1.09"/>
  <testcase classname="DoubleMateriality.Createstakeholder" name="getstakeid" time="1.087"/>
  <testcase classname="DoubleMateriality.CreateDMreport" name="createreport" time="0.756"/>
  <testcase classname="DoubleMateriality.CreateDMreport" name="markTopicNonmaterial" time="2.706"/>
  <testcase classname="DoubleMateriality.CreateDMreport" name="checkresponseaftermarkingasnonmaterial" time="0.393"/>
  <testcase classname="DoubleMateriality.Startsurvery" name="startsurvey" time="0.468"/>
  <testcase classname="DoubleMateriality.Registerstakeholder" name="loginasstakeholder" time="38.345"/>
  <testcase classname="DoubleMateriality.Fillandsubmitsurveryrequest" name="filldatarequest" time="3.394"/>
  <testcase classname="DoubleMateriality.Fillandsubmitsurveryrequest" name="addentityspecificdisclousre" time="0.447"/>
  <testcase classname="DoubleMateriality.Fillandsubmitsurveryrequest" name="submitrequest" time="1.184"/>
  <testcase classname="DoubleMateriality.Fillandsubmitsurveryrequest" name="getcontributorid" time="2.196"/>
  <testcase classname="DoubleMateriality.Acceptandfinshsurveryrequest" name="acceptsurveyrequest" time="0.773"/>
  <testcase classname="DoubleMateriality.Acceptandfinshsurveryrequest" name="fishsurvert" time="2.15"/>
  <testcase classname="DoubleMateriality.Checksurveryresult" name="checksureryresult" time="40.252"/>
  <testcase classname="DoubleMateriality.UploadandcheckIROscore" name="uploadiro" time="33.08"/>
  <testcase classname="DoubleMateriality.UploadandcheckIROscore" name="checkiroscore" time="27.538"/>
  <testcase classname="DoubleMateriality.UploadandcheckIROscore" name="checkassedetails" time="46.743"/>
  <testcase classname="DoubleMateriality.ManualIROassessment" name="createmanualassessment" time="1.598"/>
  <testcase classname="DoubleMateriality.ManualIROassessment" name="assessmanualassessment" time="1.723"/>
  <testcase classname="DoubleMateriality.ManualIROassessment" name="sendcollaborationrequest" time="0.702"/>
  <testcase classname="DoubleMateriality.Answercollabrequest" name="answercollabrequest" time="29.69"/>
  <testcase classname="DoubleMateriality.Checkmanualscore" name="checkmaualscore" time="41.547"/>
  <testcase classname="DoubleMateriality.Finalreportscore" name="checkfinalreportscore" time="31.94"/>
  <testcase classname="DoubleMateriality.Finalreportscore" name="checkrankingview" time="94.384"/>
  <testcase classname="DoubleMateriality.DownloadDMxlsx" name="downloadrepository" time="2.022"/>
  <testcase classname="DoubleMateriality.DownloadDMxlsx" name="checklatestfiledata" time="1.078"/>
</testsuite> <!-- Test -->
