<?xml version="1.0" encoding="UTF-8"?>
<!-- Generated by org.testng.reporters.JUnitReportReporter -->
<testsuite hostname="DESKTOP-CM623GF" failures="0" tests="3" name="ESRS_Report.Submitdatacollectioknrequest" time="2.421" errors="0" timestamp="2025-06-04T14:31:04 IST" skipped="0">
  <testcase classname="ESRS_Report.Submitdatacollectioknrequest" name="submitchildcollectionrequest" time="0.591"/>
  <testcase classname="ESRS_Report.Submitdatacollectioknrequest" name="submitparentcollectionrequest" time="1.008"/>
  <testcase classname="ESRS_Report.Submitdatacollectioknrequest" name="completedatacollection" time="0.822"/>
</testsuite> <!-- ESRS_Report.Submitdatacollectioknrequest -->
