<?xml version="1.0" encoding="UTF-8"?>
<!-- Generated by org.testng.reporters.JUnitReportReporter -->
<testsuite hostname="DESKTOP-CM623GF" failures="0" tests="3" name="DoubleMateriality.Createstakeholder" time="3.212" errors="0" timestamp="2025-06-10T13:22:06 IST" skipped="0">
  <testcase classname="DoubleMateriality.Createstakeholder" name="createstakeholdergroup" time="0.598"/>
  <testcase classname="DoubleMateriality.Createstakeholder" name="createstake" time="1.260"/>
  <testcase classname="DoubleMateriality.Createstakeholder" name="getstakeid" time="1.354"/>
</testsuite> <!-- DoubleMateriality.Createstakeholder -->
