<?xml version="1.0" encoding="UTF-8"?>
<!-- Generated by org.testng.reporters.JUnitReportReporter -->
<testsuite hostname="DESKTOP-CM623GF" failures="0" tests="1" name="daato_automation_test.RiskPrioritySelfAssessmentTest" time="31.207" errors="0" timestamp="2025-04-28T13:29:33 IST" skipped="0">
  <testcase classname="daato_automation_test.RiskPrioritySelfAssessmentTest" name="check_risk_priority_Self_assessment" time="31.207"/>
</testsuite> <!-- daato_automation_test.RiskPrioritySelfAssessmentTest -->
