<?xml version="1.0" encoding="UTF-8"?>
<!-- Generated by org.testng.reporters.JUnitReportReporter -->
<testsuite hostname="DESKTOP-CM623GF" failures="0" tests="2" name="daato_automation_test.SelfAssessmentSAQTest" time="45.606" errors="0" timestamp="2025-06-12T22:49:44 IST" skipped="1">
  <testcase classname="daato_automation_test.SelfAssessmentSAQTest" name="sendSAQ" time="45.606"/>
  <testcase classname="daato_automation_test.SelfAssessmentSAQTest" name="self_assessment_before_saq">
    <skipped/>
  </testcase> <!-- self_assessment_before_saq -->
</testsuite> <!-- daato_automation_test.SelfAssessmentSAQTest -->
